<?xml version="1.0" encoding="UTF-8"?>
<testng-results skipped="0" failed="1" total="3" passed="2">
  <reporter-output>
  </reporter-output>
  <suite name="快定价" duration-ms="58733" started-at="2019-05-23T09:02:02Z" finished-at="2019-05-23T09:03:01Z">
    <groups>
    </groups>
    <test name="TestSuit1" duration-ms="58733" started-at="2019-05-23T09:02:02Z" finished-at="2019-05-23T09:03:01Z">
      <class name="cases.WebUITest">
        <test-method status="PASS" signature="init()[pri:0, instance:cases.WebUITest@57c758ac]" name="init" is-config="true" duration-ms="4806" started-at="2019-05-23T17:02:02Z" finished-at="2019-05-23T17:02:07Z">
          <reporter-output>
          </reporter-output>
        </test-method> <!-- init -->
        <test-method status="PASS" signature="test(pojo.Case)[pri:0, instance:cases.WebUITest@57c758ac]" name="test" duration-ms="1748" started-at="2019-05-23T17:02:08Z" data-provider="data" finished-at="2019-05-23T17:02:09Z">
          <params>
            <param index="0">
              <value>
                <![CDATA[[打开网站=>open::http://192.168.0.192:8888/login.html, 输入账号=>input://input[@placeholder='请输入手机号']:18351921721, 输入密码=>input://input[@placeholder='请输入密码']:cxli123, 输入验证码=>input://input[@placeholder='请输入验证码']:adsd, 点击登录=>click://button[@class='login-btn']]]]>
              </value>
            </param>
          </params>
          <reporter-output>
          </reporter-output>
        </test-method> <!-- test -->
        <test-method status="PASS" signature="reset()[pri:0, instance:cases.WebUITest@57c758ac]" name="reset" is-config="true" duration-ms="624" started-at="2019-05-23T17:02:10Z" finished-at="2019-05-23T17:02:10Z">
          <reporter-output>
          </reporter-output>
        </test-method> <!-- reset -->
        <test-method status="FAIL" signature="test(pojo.Case)[pri:0, instance:cases.WebUITest@57c758ac]" name="test" duration-ms="40309" started-at="2019-05-23T17:02:10Z" data-provider="data" finished-at="2019-05-23T17:02:51Z">
          <params>
            <param index="0">
              <value>
                <![CDATA[[主体监控=>click://span[@title='主体监控'], 主体监控二级菜单=>click://a[contains(text(),'主体监控')], 新增=>click://body//button[4], 主体公司全称=>input://input[@placeholder='主体公司全称']:ly7zah, 主体公司简称=>input://input[@placeholder='主体公司简称']:o11evv, 主体关键词=>click://div[contains(text(),'单个关键词限20字符内,最多支持50个关键词,按回车分隔')], 输入关键词=>input:/html[1]/body[1]/div[1]/div[1]/div[1]/div[2]/div[2]/div[1]/div[1]/div[2]/div[1]/div[2]/form[1]/div[1]/div[2]/div[3]/div[1]/div[2]/div[1]/div[1]/div[1]/div[1]/ul[1]/li[1]/div[1]/input[1]:二手车, 回车=>keyboard:/html[1]/body[1]/div[1]/div[1]/div[1]/div[2]/div[2]/div[1]/div[1]/div[2]/div[1]/div[2]/form[1]/div[1]/div[2]/div[3]/div[1]/div[2]/div[1]/div[1]/div[1]/div[1]/ul[1]/li[1]/div[1]/input[1]:enter, 提交=>click://button[@type='submit'], 搜索新建的主体=>input://input[@id='name']:ly7zah, 点击搜索=>click://button[@type='submit'], 校验该主体是否存在=>check:/html[1]/body[1]/div[1]/div[1]/div[1]/div[2]/div[2]/div[1]/div[1]/div[2]/div[1]/div[1]/div[1]/div[1]/div[1]/div[1]/table[1]/tbody[1]/tr[1]/td[2]:ly7zah, 重新打开网站=>open::http://192.168.0.192:8888, 贷后资产监控=>click://span[@title='贷后资产监控'], 贷后监控列表=>click://a[contains(text(),'贷后监控列表')], 进入项目监控列表=>click://span[@class='switch_button'], 点击新增=>click://body/div[@id='root']/div[@class='app-ct']/div[@class='ant-layout ant-layout-has-sider']/div[@class='ant-layout']/div[@class='ant-layout-content']/div[@class='programContainer']/div[@class='table-page']/div[@class='table-body']/button[1], 点击所属主体=>click://div[contains(text(),'请选择')], SQL选取主体简称=>db:SELECT short_name FROM gamma_rc.inf_financial_owner WHERE full_name='${fullname}':sqlshortname, 选择所属主体=>click://li[contains(text(),'${sqlshortname}')], 输入项目名称=>input://input[@id='programName']:random(l,6,ProgramName), 点击确定=>click://button[contains(@class,'ant-btn ant-btn-primary ant-btn-lg')], 重新打开网站=>open::http://192.168.0.192:8888, 系统设置=>click://span[contains(text(),'系统设置')], 接口开关设置=>click://a[contains(text(),'接口开关设置')], 输入项目名称=>input://input[@placeholder='项目名称']:${ProgramName}, 点击所属主体=>click://div[@class='ant-select-selection__rendered'], 选择所属主体=>click://li[contains(text(),'${sqlshortname}')], 点击搜索=>click://body//button[1], 打开同盾开关=>click://*[@id="root"]/div/div/div[2]/div[2]/div/div/div[2]/div/div/div/div/div/div/div/table/tbody/tr/td[7]/span, 点击确定=>click://div[contains(@class,'ant-modal-footer')]//button[contains(@class,'ant-btn ant-btn-primary')], 重新打开网站=>open::http://192.168.0.192:8888, 贷后资产监控=>click://span[@title='贷后资产监控'], 贷后监控列表=>click://a[contains(text(),'贷后监控列表')], 点击单笔导入=>click://*[@id="root"]/div/div/div[2]/div[2]/div/div[2]/div/button[1], 点击人车全监控=>click://div[@class='tab-index'], 点击所属主体=>click://div[contains(text(),'请选择所属主体')], 选择所属主体=>click://li[contains(text(),'${sqlshortname}')], 点击所属项目=>click://body/div[@id='root']/div[@class='app-ct']/div[@class='ant-layout ant-layout-has-sider']/div[@class='ant-layout']/div[@class='ant-layout-content']/div[@class='bdcontainer']/div[@class='tabs-aft-container clearfix']/div[@class='aftloanFormContainer']/form[@class='ant-form ant-form-horizontal']/div[@class='car-area']/div[2]/div[2]/div[1]/div[1]/div[1]/div[1], 选择所属项目=>click://li[contains(text(),'${ProgramName}')], 输入车架号=>input://input[@id='vin']:${vin11}, 输入车牌号=>input://input[@id='licensePlate']:${LicenseNum3}, 输入发动机号=>input://input[@id='engineNo']:${EngineNo3}, 输入客户姓名=>input://input[@id='customerName']:${name2}, 输入手机号=>input://input[@id='mobile']:${phone30}, 输入身份证号=>input://input[@id='certNo']:${ID11}, 点击业务类型=>click://div[contains(text(),'请选择业务类型')], 选择业务类型=>click://li[contains(text(),'二手车消费贷')], 点击合同生效时间=>click://input[contains(@placeholder,'请选择放款时间/合同生效时间')], 选择时间=>click://div[contains(text(),'25')], 点击首期还款时间=>click://input[@placeholder='请选择首期还款时间'], 选择时间=>click://div[contains(text(),'25')], 输入还款期数=>input://input[@id='loanTimes']:random(n,1,LoanTimes), 点击放款地点=>click://input[@id='loanCity'], 选择放款地点-省级=>click://li[contains(@title,'江苏')], 选择放款地点-市级=>click://li[contains(@title,'南京')], 点击交车时间=>click://input[@placeholder='请选择交车时间'], 选择时间=>click://a[contains(@class,'ant-calendar-today-btn')], 点击确定=>click://button[contains(@class,'ant-btn addSubmitButton ant-btn-primary ant-btn-lg')], 点击主体项目第二个框=>click://*[@id="root"]/div/div/div[2]/div[2]/div/div[2]/div/form/div/div[6]/div/div[2]/div/div[2]/div/div, 选择项目名称=>click://li[contains(text(),'${ProgramName}')], SQL选取资产编号=>db:SELECT id FROM gamma_rc.inf_after_loan_assets WHERE after_loan_project_id = (SELECT project_id FROM gamma_rc.inf_after_loan_project WHERE project_name='${ProgramName}') ORDER BY create_date_time DESC LIMIT 1:assetsid, 输入资产编号=>input://input[contains(@placeholder,'资产编号')]:${assetsid}, 点击搜索=>click://form[contains(@class,'ant-form ant-form-horizontal ant-advanced-search-form')]//button[1], 校验该资产存在=>check://td[contains(text(),'${assetsid}')]:${assetsid}, 重新打开网站=>open::http://192.168.0.192:8888, 贷后资产监控=>click://span[@title='贷后资产监控'], 贷后审核列表=>click://a[contains(text(),'贷后审核列表')], 输入资产编号=>input://*[@id="root"]/div/div[1]/div[2]/div[2]/div/div[2]/div[1]/form/div/div[1]/div/div[2]/div/input:${assetsid}, 点击搜索=>click://body//div[@class='ant-layout-content']//div//div[1]//form[1]//div[1]//div[11]//button[1], 校验该资产是否在审核列表=>check://td[contains(text(),'${assetsid}')]:${assetsid}, 校验姓名是否对应=>check://td[contains(text(),'${name2}')]:${name2}, 校验所属主体=>check://td[contains(text(),'${sqlshortname}')]:${sqlshortname}, 校验所属项目=>check://td[contains(text(),'${ProgramName}')]:${ProgramName}, 点击审核=>click://tr[contains(@class,'ant-table-row-level-0')]//span[contains(text(),'审核')], 切换页面=>switchto:, 输入人工评分=>input://div[@id='0']//div[1]//div[2]//input[1]:33.0, null=>null:, null=>null:, null=>null:, null=>null:, null=>null:, null=>null:, null=>null:, null=>null:, null=>null:, null=>null:, null=>null:, null=>null:, null=>null:, null=>null:, null=>null:]]]>
              </value>
            </param>
          </params>
          <exception class="java.lang.AssertionError">
            <message>
              <![CDATA[找不到控件：//span[@title='贷后资产监控'] expected [true] but found [false]]]>
            </message>
            <full-stacktrace>
              <![CDATA[java.lang.AssertionError: 找不到控件：//span[@title='贷后资产监控'] expected [true] but found [false]
	at cases.BaseTest.action(BaseTest.java:159)
	at cases.BaseTest.test(BaseTest.java:123)
	at sun.reflect.NativeMethodAccessorImpl.invoke0(Native Method)
	at sun.reflect.NativeMethodAccessorImpl.invoke(NativeMethodAccessorImpl.java:62)
	at sun.reflect.DelegatingMethodAccessorImpl.invoke(DelegatingMethodAccessorImpl.java:43)
	at java.lang.reflect.Method.invoke(Method.java:498)
	at org.testng.internal.MethodInvocationHelper.invokeMethod(MethodInvocationHelper.java:85)
	at org.testng.internal.Invoker.invokeMethod(Invoker.java:639)
	at org.testng.internal.Invoker.invokeTestMethod(Invoker.java:816)
	at org.testng.internal.Invoker.invokeTestMethods(Invoker.java:1124)
	at org.testng.internal.TestMethodWorker.invokeTestMethods(TestMethodWorker.java:125)
	at org.testng.internal.TestMethodWorker.run(TestMethodWorker.java:108)
	at org.testng.TestRunner.privateRun(TestRunner.java:774)
	at org.testng.TestRunner.run(TestRunner.java:624)
	at org.testng.SuiteRunner.runTest(SuiteRunner.java:359)
	at org.testng.SuiteRunner.access$000(SuiteRunner.java:39)
	at org.testng.SuiteRunner$SuiteWorker.run(SuiteRunner.java:393)
	at org.testng.internal.thread.ThreadUtil$2.call(ThreadUtil.java:64)
	at java.util.concurrent.FutureTask.run(FutureTask.java:266)
	at java.util.concurrent.ThreadPoolExecutor.runWorker(ThreadPoolExecutor.java:1149)
	at java.util.concurrent.ThreadPoolExecutor$Worker.run(ThreadPoolExecutor.java:624)
	at java.lang.Thread.run(Thread.java:748)
]]>
            </full-stacktrace>
          </exception> <!-- java.lang.AssertionError -->
          <reporter-output>
          </reporter-output>
        </test-method> <!-- test -->
        <test-method status="PASS" signature="reset()[pri:0, instance:cases.WebUITest@57c758ac]" name="reset" is-config="true" duration-ms="180" started-at="2019-05-23T17:02:55Z" finished-at="2019-05-23T17:02:55Z">
          <reporter-output>
          </reporter-output>
        </test-method> <!-- reset -->
        <test-method status="PASS" signature="test(pojo.Case)[pri:0, instance:cases.WebUITest@57c758ac]" name="test" duration-ms="4174" started-at="2019-05-23T17:02:55Z" data-provider="data" finished-at="2019-05-23T17:02:59Z">
          <params>
            <param index="0">
              <value>
                <![CDATA[[鼠标悬停=>hover://*[@id='root']/div[1]/div[1]/div[2]/div[1]/div[1]/span[1], 注销=>click://p[contains(text(),'退出')]]]]>
              </value>
            </param>
          </params>
          <reporter-output>
          </reporter-output>
        </test-method> <!-- test -->
        <test-method status="PASS" signature="reset()[pri:0, instance:cases.WebUITest@57c758ac]" name="reset" is-config="true" duration-ms="532" started-at="2019-05-23T17:02:59Z" finished-at="2019-05-23T17:03:00Z">
          <reporter-output>
          </reporter-output>
        </test-method> <!-- reset -->
        <test-method status="PASS" signature="destroy()[pri:0, instance:cases.WebUITest@57c758ac]" name="destroy" is-config="true" duration-ms="655" started-at="2019-05-23T17:03:00Z" finished-at="2019-05-23T17:03:01Z">
          <reporter-output>
          </reporter-output>
        </test-method> <!-- destroy -->
      </class> <!-- cases.WebUITest -->
    </test> <!-- TestSuit1 -->
  </suite> <!-- 快定价 -->
</testng-results>
