<?xml version="1.0" encoding="UTF-8"?>
<!-- Generated by org.testng.reporters.JUnitXMLReporter -->
<testsuite hostname="Rocklee" name="TestSuit1" tests="3" failures="1" timestamp="23 May 2019 09:03:01 GMT" time="58.733" errors="0">
  <testcase name="test" time="1.748" classname="cases.WebUITest"/>
  <testcase name="test" time="40.309" classname="cases.WebUITest">
    <failure type="java.lang.AssertionError" message="找不到控件：//span[@title=&amp;apos;贷后资产监控&amp;apos;] expected [true] but found [false]">
      <![CDATA[java.lang.AssertionError: 找不到控件：//span[@title='贷后资产监控'] expected [true] but found [false]
	at cases.BaseTest.action(BaseTest.java:159)
	at cases.BaseTest.test(BaseTest.java:123)
	at java.util.concurrent.FutureTask.run(FutureTask.java:266)
	at java.util.concurrent.ThreadPoolExecutor.runWorker(ThreadPoolExecutor.java:1149)
	at java.util.concurrent.ThreadPoolExecutor$Worker.run(ThreadPoolExecutor.java:624)
	at java.lang.Thread.run(Thread.java:748)
... Removed 16 stack frames]]>
    </failure>
  </testcase> <!-- test -->
  <testcase name="test" time="4.174" classname="cases.WebUITest"/>
</testsuite> <!-- TestSuit1 -->
